D: $dcmtk: storescu v3.6.6 2021-01-14 $
D: 
D: DcmDataDictionary: Loading file: /usr/local/Cellar/dcmtk/3.6.6/share/dcmtk/dicom.dic
I: checking input files ...
D: Request Parameters:
D: ====================== BEGIN A-ASSOCIATE-RQ =====================
D: Our Implementation Class UID:      1.2.276.0.7230010.3.0.3.6.6
D: Our Implementation Version Name:   OFFIS_DCMTK_366
D: Their Implementation Class UID:    
D: Their Implementation Version Name: 
D: Application Context Name:    1.2.840.10008.3.1.1.1
D: Calling Application Name:    STORESCU
D: Called Application Name:     ANY-SCP
D: Responding Application Name: ANY-SCP
D: Our Max PDU Receive Size:    16384
D: Their Max PDU Receive Size:  0
D: Presentation Contexts:
D:   Context ID:        1 (Proposed)
D:     Abstract Syntax: =AmbulatoryECGWaveformStorage
D:     Proposed SCP/SCU Role: Default
D:     Proposed Transfer Syntax(es):
D:       =LittleEndianExplicit
D:   Context ID:        3 (Proposed)
D:     Abstract Syntax: =AmbulatoryECGWaveformStorage
D:     Proposed SCP/SCU Role: Default
D:     Proposed Transfer Syntax(es):
D:       =BigEndianExplicit
D:       =LittleEndianImplicit
D:   Context ID:        5 (Proposed)
D:     Abstract Syntax: =BasicTextSRStorage
D:     Proposed SCP/SCU Role: Default
D:     Proposed Transfer Syntax(es):
D:       =LittleEndianExplicit
D:   Context ID:        7 (Proposed)
D:     Abstract Syntax: =BasicTextSRStorage
D:     Proposed SCP/SCU Role: Default
D:     Proposed Transfer Syntax(es):
D:       =BigEndianExplicit
D:       =LittleEndianImplicit
D:   Context ID:        9 (Proposed)
D:     Abstract Syntax: =BasicVoiceAudioWaveformStorage
D:     Proposed SCP/SCU Role: Default
D:     Proposed Transfer Syntax(es):
D:       =LittleEndianExplicit
D:   Context ID:        11 (Proposed)
D:     Abstract Syntax: =BasicVoiceAudioWaveformStorage
D:     Proposed SCP/SCU Role: Default
D:     Proposed Transfer Syntax(es):
D:       =BigEndianExplicit
D:       =LittleEndianImplicit
D:   Context ID:        13 (Proposed)
D:     Abstract Syntax: =BlendingSoftcopyPresentationStateStorage
D:     Proposed SCP/SCU Role: Default
D:     Proposed Transfer Syntax(es):
D:       =LittleEndianExplicit
D:   Context ID:        15 (Proposed)
D:     Abstract Syntax: =BlendingSoftcopyPresentationStateStorage
D:     Proposed SCP/SCU Role: Default
D:     Proposed Transfer Syntax(es):
D:       =BigEndianExplicit
D:       =LittleEndianImplicit
D:   Context ID:        17 (Proposed)
D:     Abstract Syntax: =CardiacElectrophysiologyWaveformStorage
D:     Proposed SCP/SCU Role: Default
D:     Proposed Transfer Syntax(es):
D:       =LittleEndianExplicit
D:   Context ID:        19 (Proposed)
D:     Abstract Syntax: =CardiacElectrophysiologyWaveformStorage
D:     Proposed SCP/SCU Role: Default
D:     Proposed Transfer Syntax(es):
D:       =BigEndianExplicit
D:       =LittleEndianImplicit
D:   Context ID:        21 (Proposed)
D:     Abstract Syntax: =ChestCADSRStorage
D:     Proposed SCP/SCU Role: Default
D:     Proposed Transfer Syntax(es):
D:       =LittleEndianExplicit
D:   Context ID:        23 (Proposed)
D:     Abstract Syntax: =ChestCADSRStorage
D:     Proposed SCP/SCU Role: Default
D:     Proposed Transfer Syntax(es):
D:       =BigEndianExplicit
D:       =LittleEndianImplicit
D:   Context ID:        25 (Proposed)
D:     Abstract Syntax: =ColonCADSRStorage
D:     Proposed SCP/SCU Role: Default
D:     Proposed Transfer Syntax(es):
D:       =LittleEndianExplicit
D:   Context ID:        27 (Proposed)
D:     Abstract Syntax: =ColonCADSRStorage
D:     Proposed SCP/SCU Role: Default
D:     Proposed Transfer Syntax(es):
D:       =BigEndianExplicit
D:       =LittleEndianImplicit
D:   Context ID:        29 (Proposed)
D:     Abstract Syntax: =ColorSoftcopyPresentationStateStorage
D:     Proposed SCP/SCU Role: Default
D:     Proposed Transfer Syntax(es):
D:       =LittleEndianExplicit
D:   Context ID:        31 (Proposed)
D:     Abstract Syntax: =ColorSoftcopyPresentationStateStorage
D:     Proposed SCP/SCU Role: Default
D:     Proposed Transfer Syntax(es):
D:       =BigEndianExplicit
D:       =LittleEndianImplicit
D:   Context ID:        33 (Proposed)
D:     Abstract Syntax: =ComprehensiveSRStorage
D:     Proposed SCP/SCU Role: Default
D:     Proposed Transfer Syntax(es):
D:       =LittleEndianExplicit
D:   Context ID:        35 (Proposed)
D:     Abstract Syntax: =ComprehensiveSRStorage
D:     Proposed SCP/SCU Role: Default
D:     Proposed Transfer Syntax(es):
D:       =BigEndianExplicit
D:       =LittleEndianImplicit
D:   Context ID:        37 (Proposed)
D:     Abstract Syntax: =ComputedRadiographyImageStorage
D:     Proposed SCP/SCU Role: Default
D:     Proposed Transfer Syntax(es):
D:       =LittleEndianExplicit
D:   Context ID:        39 (Proposed)
D:     Abstract Syntax: =ComputedRadiographyImageStorage
D:     Proposed SCP/SCU Role: Default
D:     Proposed Transfer Syntax(es):
D:       =BigEndianExplicit
D:       =LittleEndianImplicit
D:   Context ID:        41 (Proposed)
D:     Abstract Syntax: =CTImageStorage
D:     Proposed SCP/SCU Role: Default
D:     Proposed Transfer Syntax(es):
D:       =LittleEndianExplicit
D:   Context ID:        43 (Proposed)
D:     Abstract Syntax: =CTImageStorage
D:     Proposed SCP/SCU Role: Default
D:     Proposed Transfer Syntax(es):
D:       =BigEndianExplicit
D:       =LittleEndianImplicit
D:   Context ID:        45 (Proposed)
D:     Abstract Syntax: =DigitalIntraOralXRayImageStorageForPresentation
D:     Proposed SCP/SCU Role: Default
D:     Proposed Transfer Syntax(es):
D:       =LittleEndianExplicit
D:   Context ID:        47 (Proposed)
D:     Abstract Syntax: =DigitalIntraOralXRayImageStorageForPresentation
D:     Proposed SCP/SCU Role: Default
D:     Proposed Transfer Syntax(es):
D:       =BigEndianExplicit
D:       =LittleEndianImplicit
D:   Context ID:        49 (Proposed)
D:     Abstract Syntax: =DigitalIntraOralXRayImageStorageForProcessing
D:     Proposed SCP/SCU Role: Default
D:     Proposed Transfer Syntax(es):
D:       =LittleEndianExplicit
D:   Context ID:        51 (Proposed)
D:     Abstract Syntax: =DigitalIntraOralXRayImageStorageForProcessing
D:     Proposed SCP/SCU Role: Default
D:     Proposed Transfer Syntax(es):
D:       =BigEndianExplicit
D:       =LittleEndianImplicit
D:   Context ID:        53 (Proposed)
D:     Abstract Syntax: =DigitalMammographyXRayImageStorageForPresentation
D:     Proposed SCP/SCU Role: Default
D:     Proposed Transfer Syntax(es):
D:       =LittleEndianExplicit
D:   Context ID:        55 (Proposed)
D:     Abstract Syntax: =DigitalMammographyXRayImageStorageForPresentation
D:     Proposed SCP/SCU Role: Default
D:     Proposed Transfer Syntax(es):
D:       =BigEndianExplicit
D:       =LittleEndianImplicit
D:   Context ID:        57 (Proposed)
D:     Abstract Syntax: =DigitalMammographyXRayImageStorageForProcessing
D:     Proposed SCP/SCU Role: Default
D:     Proposed Transfer Syntax(es):
D:       =LittleEndianExplicit
D:   Context ID:        59 (Proposed)
D:     Abstract Syntax: =DigitalMammographyXRayImageStorageForProcessing
D:     Proposed SCP/SCU Role: Default
D:     Proposed Transfer Syntax(es):
D:       =BigEndianExplicit
D:       =LittleEndianImplicit
D:   Context ID:        61 (Proposed)
D:     Abstract Syntax: =DigitalXRayImageStorageForPresentation
D:     Proposed SCP/SCU Role: Default
D:     Proposed Transfer Syntax(es):
D:       =LittleEndianExplicit
D:   Context ID:        63 (Proposed)
D:     Abstract Syntax: =DigitalXRayImageStorageForPresentation
D:     Proposed SCP/SCU Role: Default
D:     Proposed Transfer Syntax(es):
D:       =BigEndianExplicit
D:       =LittleEndianImplicit
D:   Context ID:        65 (Proposed)
D:     Abstract Syntax: =DigitalXRayImageStorageForProcessing
D:     Proposed SCP/SCU Role: Default
D:     Proposed Transfer Syntax(es):
D:       =LittleEndianExplicit
D:   Context ID:        67 (Proposed)
D:     Abstract Syntax: =DigitalXRayImageStorageForProcessing
D:     Proposed SCP/SCU Role: Default
D:     Proposed Transfer Syntax(es):
D:       =BigEndianExplicit
D:       =LittleEndianImplicit
D:   Context ID:        69 (Proposed)
D:     Abstract Syntax: =EncapsulatedPDFStorage
D:     Proposed SCP/SCU Role: Default
D:     Proposed Transfer Syntax(es):
D:       =LittleEndianExplicit
D:   Context ID:        71 (Proposed)
D:     Abstract Syntax: =EncapsulatedPDFStorage
D:     Proposed SCP/SCU Role: Default
D:     Proposed Transfer Syntax(es):
D:       =BigEndianExplicit
D:       =LittleEndianImplicit
D:   Context ID:        73 (Proposed)
D:     Abstract Syntax: =EnhancedCTImageStorage
D:     Proposed SCP/SCU Role: Default
D:     Proposed Transfer Syntax(es):
D:       =LittleEndianExplicit
D:   Context ID:        75 (Proposed)
D:     Abstract Syntax: =EnhancedCTImageStorage
D:     Proposed SCP/SCU Role: Default
D:     Proposed Transfer Syntax(es):
D:       =BigEndianExplicit
D:       =LittleEndianImplicit
D:   Context ID:        77 (Proposed)
D:     Abstract Syntax: =EnhancedMRImageStorage
D:     Proposed SCP/SCU Role: Default
D:     Proposed Transfer Syntax(es):
D:       =LittleEndianExplicit
D:   Context ID:        79 (Proposed)
D:     Abstract Syntax: =EnhancedMRImageStorage
D:     Proposed SCP/SCU Role: Default
D:     Proposed Transfer Syntax(es):
D:       =BigEndianExplicit
D:       =LittleEndianImplicit
D:   Context ID:        81 (Proposed)
D:     Abstract Syntax: =EnhancedSRStorage
D:     Proposed SCP/SCU Role: Default
D:     Proposed Transfer Syntax(es):
D:       =LittleEndianExplicit
D:   Context ID:        83 (Proposed)
D:     Abstract Syntax: =EnhancedSRStorage
D:     Proposed SCP/SCU Role: Default
D:     Proposed Transfer Syntax(es):
D:       =BigEndianExplicit
D:       =LittleEndianImplicit
D:   Context ID:        85 (Proposed)
D:     Abstract Syntax: =EnhancedXAImageStorage
D:     Proposed SCP/SCU Role: Default
D:     Proposed Transfer Syntax(es):
D:       =LittleEndianExplicit
D:   Context ID:        87 (Proposed)
D:     Abstract Syntax: =EnhancedXAImageStorage
D:     Proposed SCP/SCU Role: Default
D:     Proposed Transfer Syntax(es):
D:       =BigEndianExplicit
D:       =LittleEndianImplicit
D:   Context ID:        89 (Proposed)
D:     Abstract Syntax: =EnhancedXRFImageStorage
D:     Proposed SCP/SCU Role: Default
D:     Proposed Transfer Syntax(es):
D:       =LittleEndianExplicit
D:   Context ID:        91 (Proposed)
D:     Abstract Syntax: =EnhancedXRFImageStorage
D:     Proposed SCP/SCU Role: Default
D:     Proposed Transfer Syntax(es):
D:       =BigEndianExplicit
D:       =LittleEndianImplicit
D:   Context ID:        93 (Proposed)
D:     Abstract Syntax: =GeneralECGWaveformStorage
D:     Proposed SCP/SCU Role: Default
D:     Proposed Transfer Syntax(es):
D:       =LittleEndianExplicit
D:   Context ID:        95 (Proposed)
D:     Abstract Syntax: =GeneralECGWaveformStorage
D:     Proposed SCP/SCU Role: Default
D:     Proposed Transfer Syntax(es):
D:       =BigEndianExplicit
D:       =LittleEndianImplicit
D:   Context ID:        97 (Proposed)
D:     Abstract Syntax: =GrayscaleSoftcopyPresentationStateStorage
D:     Proposed SCP/SCU Role: Default
D:     Proposed Transfer Syntax(es):
D:       =LittleEndianExplicit
D:   Context ID:        99 (Proposed)
D:     Abstract Syntax: =GrayscaleSoftcopyPresentationStateStorage
D:     Proposed SCP/SCU Role: Default
D:     Proposed Transfer Syntax(es):
D:       =BigEndianExplicit
D:       =LittleEndianImplicit
D:   Context ID:        101 (Proposed)
D:     Abstract Syntax: =HemodynamicWaveformStorage
D:     Proposed SCP/SCU Role: Default
D:     Proposed Transfer Syntax(es):
D:       =LittleEndianExplicit
D:   Context ID:        103 (Proposed)
D:     Abstract Syntax: =HemodynamicWaveformStorage
D:     Proposed SCP/SCU Role: Default
D:     Proposed Transfer Syntax(es):
D:       =BigEndianExplicit
D:       =LittleEndianImplicit
D:   Context ID:        105 (Proposed)
D:     Abstract Syntax: =KeyObjectSelectionDocumentStorage
D:     Proposed SCP/SCU Role: Default
D:     Proposed Transfer Syntax(es):
D:       =LittleEndianExplicit
D:   Context ID:        107 (Proposed)
D:     Abstract Syntax: =KeyObjectSelectionDocumentStorage
D:     Proposed SCP/SCU Role: Default
D:     Proposed Transfer Syntax(es):
D:       =BigEndianExplicit
D:       =LittleEndianImplicit
D:   Context ID:        109 (Proposed)
D:     Abstract Syntax: =MammographyCADSRStorage
D:     Proposed SCP/SCU Role: Default
D:     Proposed Transfer Syntax(es):
D:       =LittleEndianExplicit
D:   Context ID:        111 (Proposed)
D:     Abstract Syntax: =MammographyCADSRStorage
D:     Proposed SCP/SCU Role: Default
D:     Proposed Transfer Syntax(es):
D:       =BigEndianExplicit
D:       =LittleEndianImplicit
D:   Context ID:        113 (Proposed)
D:     Abstract Syntax: =MRImageStorage
D:     Proposed SCP/SCU Role: Default
D:     Proposed Transfer Syntax(es):
D:       =LittleEndianExplicit
D:   Context ID:        115 (Proposed)
D:     Abstract Syntax: =MRImageStorage
D:     Proposed SCP/SCU Role: Default
D:     Proposed Transfer Syntax(es):
D:       =BigEndianExplicit
D:       =LittleEndianImplicit
D:   Context ID:        117 (Proposed)
D:     Abstract Syntax: =MRSpectroscopyStorage
D:     Proposed SCP/SCU Role: Default
D:     Proposed Transfer Syntax(es):
D:       =LittleEndianExplicit
D:   Context ID:        119 (Proposed)
D:     Abstract Syntax: =MRSpectroscopyStorage
D:     Proposed SCP/SCU Role: Default
D:     Proposed Transfer Syntax(es):
D:       =BigEndianExplicit
D:       =LittleEndianImplicit
D:   Context ID:        121 (Proposed)
D:     Abstract Syntax: =MultiframeGrayscaleByteSecondaryCaptureImageStorage
D:     Proposed SCP/SCU Role: Default
D:     Proposed Transfer Syntax(es):
D:       =LittleEndianExplicit
D:   Context ID:        123 (Proposed)
D:     Abstract Syntax: =MultiframeGrayscaleByteSecondaryCaptureImageStorage
D:     Proposed SCP/SCU Role: Default
D:     Proposed Transfer Syntax(es):
D:       =BigEndianExplicit
D:       =LittleEndianImplicit
D:   Context ID:        125 (Proposed)
D:     Abstract Syntax: =MultiframeGrayscaleWordSecondaryCaptureImageStorage
D:     Proposed SCP/SCU Role: Default
D:     Proposed Transfer Syntax(es):
D:       =LittleEndianExplicit
D:   Context ID:        127 (Proposed)
D:     Abstract Syntax: =MultiframeGrayscaleWordSecondaryCaptureImageStorage
D:     Proposed SCP/SCU Role: Default
D:     Proposed Transfer Syntax(es):
D:       =BigEndianExplicit
D:       =LittleEndianImplicit
D:   Context ID:        129 (Proposed)
D:     Abstract Syntax: =MultiframeSingleBitSecondaryCaptureImageStorage
D:     Proposed SCP/SCU Role: Default
D:     Proposed Transfer Syntax(es):
D:       =LittleEndianExplicit
D:   Context ID:        131 (Proposed)
D:     Abstract Syntax: =MultiframeSingleBitSecondaryCaptureImageStorage
D:     Proposed SCP/SCU Role: Default
D:     Proposed Transfer Syntax(es):
D:       =BigEndianExplicit
D:       =LittleEndianImplicit
D:   Context ID:        133 (Proposed)
D:     Abstract Syntax: =MultiframeTrueColorSecondaryCaptureImageStorage
D:     Proposed SCP/SCU Role: Default
D:     Proposed Transfer Syntax(es):
D:       =LittleEndianExplicit
D:   Context ID:        135 (Proposed)
D:     Abstract Syntax: =MultiframeTrueColorSecondaryCaptureImageStorage
D:     Proposed SCP/SCU Role: Default
D:     Proposed Transfer Syntax(es):
D:       =BigEndianExplicit
D:       =LittleEndianImplicit
D:   Context ID:        137 (Proposed)
D:     Abstract Syntax: =NuclearMedicineImageStorage
D:     Proposed SCP/SCU Role: Default
D:     Proposed Transfer Syntax(es):
D:       =LittleEndianExplicit
D:   Context ID:        139 (Proposed)
D:     Abstract Syntax: =NuclearMedicineImageStorage
D:     Proposed SCP/SCU Role: Default
D:     Proposed Transfer Syntax(es):
D:       =BigEndianExplicit
D:       =LittleEndianImplicit
D:   Context ID:        141 (Proposed)
D:     Abstract Syntax: =OphthalmicPhotography16BitImageStorage
D:     Proposed SCP/SCU Role: Default
D:     Proposed Transfer Syntax(es):
D:       =LittleEndianExplicit
D:   Context ID:        143 (Proposed)
D:     Abstract Syntax: =OphthalmicPhotography16BitImageStorage
D:     Proposed SCP/SCU Role: Default
D:     Proposed Transfer Syntax(es):
D:       =BigEndianExplicit
D:       =LittleEndianImplicit
D:   Context ID:        145 (Proposed)
D:     Abstract Syntax: =OphthalmicPhotography8BitImageStorage
D:     Proposed SCP/SCU Role: Default
D:     Proposed Transfer Syntax(es):
D:       =LittleEndianExplicit
D:   Context ID:        147 (Proposed)
D:     Abstract Syntax: =OphthalmicPhotography8BitImageStorage
D:     Proposed SCP/SCU Role: Default
D:     Proposed Transfer Syntax(es):
D:       =BigEndianExplicit
D:       =LittleEndianImplicit
D:   Context ID:        149 (Proposed)
D:     Abstract Syntax: =OphthalmicTomographyImageStorage
D:     Proposed SCP/SCU Role: Default
D:     Proposed Transfer Syntax(es):
D:       =LittleEndianExplicit
D:   Context ID:        151 (Proposed)
D:     Abstract Syntax: =OphthalmicTomographyImageStorage
D:     Proposed SCP/SCU Role: Default
D:     Proposed Transfer Syntax(es):
D:       =BigEndianExplicit
D:       =LittleEndianImplicit
D:   Context ID:        153 (Proposed)
D:     Abstract Syntax: =PositronEmissionTomographyImageStorage
D:     Proposed SCP/SCU Role: Default
D:     Proposed Transfer Syntax(es):
D:       =LittleEndianExplicit
D:   Context ID:        155 (Proposed)
D:     Abstract Syntax: =PositronEmissionTomographyImageStorage
D:     Proposed SCP/SCU Role: Default
D:     Proposed Transfer Syntax(es):
D:       =BigEndianExplicit
D:       =LittleEndianImplicit
D:   Context ID:        157 (Proposed)
D:     Abstract Syntax: =ProcedureLogStorage
D:     Proposed SCP/SCU Role: Default
D:     Proposed Transfer Syntax(es):
D:       =LittleEndianExplicit
D:   Context ID:        159 (Proposed)
D:     Abstract Syntax: =ProcedureLogStorage
D:     Proposed SCP/SCU Role: Default
D:     Proposed Transfer Syntax(es):
D:       =BigEndianExplicit
D:       =LittleEndianImplicit
D:   Context ID:        161 (Proposed)
D:     Abstract Syntax: =PseudoColorSoftcopyPresentationStateStorage
D:     Proposed SCP/SCU Role: Default
D:     Proposed Transfer Syntax(es):
D:       =LittleEndianExplicit
D:   Context ID:        163 (Proposed)
D:     Abstract Syntax: =PseudoColorSoftcopyPresentationStateStorage
D:     Proposed SCP/SCU Role: Default
D:     Proposed Transfer Syntax(es):
D:       =BigEndianExplicit
D:       =LittleEndianImplicit
D:   Context ID:        165 (Proposed)
D:     Abstract Syntax: =RawDataStorage
D:     Proposed SCP/SCU Role: Default
D:     Proposed Transfer Syntax(es):
D:       =LittleEndianExplicit
D:   Context ID:        167 (Proposed)
D:     Abstract Syntax: =RawDataStorage
D:     Proposed SCP/SCU Role: Default
D:     Proposed Transfer Syntax(es):
D:       =BigEndianExplicit
D:       =LittleEndianImplicit
D:   Context ID:        169 (Proposed)
D:     Abstract Syntax: =RealWorldValueMappingStorage
D:     Proposed SCP/SCU Role: Default
D:     Proposed Transfer Syntax(es):
D:       =LittleEndianExplicit
D:   Context ID:        171 (Proposed)
D:     Abstract Syntax: =RealWorldValueMappingStorage
D:     Proposed SCP/SCU Role: Default
D:     Proposed Transfer Syntax(es):
D:       =BigEndianExplicit
D:       =LittleEndianImplicit
D:   Context ID:        173 (Proposed)
D:     Abstract Syntax: =RTBeamsTreatmentRecordStorage
D:     Proposed SCP/SCU Role: Default
D:     Proposed Transfer Syntax(es):
D:       =LittleEndianExplicit
D:   Context ID:        175 (Proposed)
D:     Abstract Syntax: =RTBeamsTreatmentRecordStorage
D:     Proposed SCP/SCU Role: Default
D:     Proposed Transfer Syntax(es):
D:       =BigEndianExplicit
D:       =LittleEndianImplicit
D:   Context ID:        177 (Proposed)
D:     Abstract Syntax: =RTBrachyTreatmentRecordStorage
D:     Proposed SCP/SCU Role: Default
D:     Proposed Transfer Syntax(es):
D:       =LittleEndianExplicit
D:   Context ID:        179 (Proposed)
D:     Abstract Syntax: =RTBrachyTreatmentRecordStorage
D:     Proposed SCP/SCU Role: Default
D:     Proposed Transfer Syntax(es):
D:       =BigEndianExplicit
D:       =LittleEndianImplicit
D:   Context ID:        181 (Proposed)
D:     Abstract Syntax: =RTDoseStorage
D:     Proposed SCP/SCU Role: Default
D:     Proposed Transfer Syntax(es):
D:       =LittleEndianExplicit
D:   Context ID:        183 (Proposed)
D:     Abstract Syntax: =RTDoseStorage
D:     Proposed SCP/SCU Role: Default
D:     Proposed Transfer Syntax(es):
D:       =BigEndianExplicit
D:       =LittleEndianImplicit
D:   Context ID:        185 (Proposed)
D:     Abstract Syntax: =RTImageStorage
D:     Proposed SCP/SCU Role: Default
D:     Proposed Transfer Syntax(es):
D:       =LittleEndianExplicit
D:   Context ID:        187 (Proposed)
D:     Abstract Syntax: =RTImageStorage
D:     Proposed SCP/SCU Role: Default
D:     Proposed Transfer Syntax(es):
D:       =BigEndianExplicit
D:       =LittleEndianImplicit
D:   Context ID:        189 (Proposed)
D:     Abstract Syntax: =RTPlanStorage
D:     Proposed SCP/SCU Role: Default
D:     Proposed Transfer Syntax(es):
D:       =LittleEndianExplicit
D:   Context ID:        191 (Proposed)
D:     Abstract Syntax: =RTPlanStorage
D:     Proposed SCP/SCU Role: Default
D:     Proposed Transfer Syntax(es):
D:       =BigEndianExplicit
D:       =LittleEndianImplicit
D:   Context ID:        193 (Proposed)
D:     Abstract Syntax: =RTStructureSetStorage
D:     Proposed SCP/SCU Role: Default
D:     Proposed Transfer Syntax(es):
D:       =LittleEndianExplicit
D:   Context ID:        195 (Proposed)
D:     Abstract Syntax: =RTStructureSetStorage
D:     Proposed SCP/SCU Role: Default
D:     Proposed Transfer Syntax(es):
D:       =BigEndianExplicit
D:       =LittleEndianImplicit
D:   Context ID:        197 (Proposed)
D:     Abstract Syntax: =RTTreatmentSummaryRecordStorage
D:     Proposed SCP/SCU Role: Default
D:     Proposed Transfer Syntax(es):
D:       =LittleEndianExplicit
D:   Context ID:        199 (Proposed)
D:     Abstract Syntax: =RTTreatmentSummaryRecordStorage
D:     Proposed SCP/SCU Role: Default
D:     Proposed Transfer Syntax(es):
D:       =BigEndianExplicit
D:       =LittleEndianImplicit
D:   Context ID:        201 (Proposed)
D:     Abstract Syntax: =SecondaryCaptureImageStorage
D:     Proposed SCP/SCU Role: Default
D:     Proposed Transfer Syntax(es):
D:       =LittleEndianExplicit
D:   Context ID:        203 (Proposed)
D:     Abstract Syntax: =SecondaryCaptureImageStorage
D:     Proposed SCP/SCU Role: Default
D:     Proposed Transfer Syntax(es):
D:       =BigEndianExplicit
D:       =LittleEndianImplicit
D:   Context ID:        205 (Proposed)
D:     Abstract Syntax: =SpatialFiducialsStorage
D:     Proposed SCP/SCU Role: Default
D:     Proposed Transfer Syntax(es):
D:       =LittleEndianExplicit
D:   Context ID:        207 (Proposed)
D:     Abstract Syntax: =SpatialFiducialsStorage
D:     Proposed SCP/SCU Role: Default
D:     Proposed Transfer Syntax(es):
D:       =BigEndianExplicit
D:       =LittleEndianImplicit
D:   Context ID:        209 (Proposed)
D:     Abstract Syntax: =SpatialRegistrationStorage
D:     Proposed SCP/SCU Role: Default
D:     Proposed Transfer Syntax(es):
D:       =LittleEndianExplicit
D:   Context ID:        211 (Proposed)
D:     Abstract Syntax: =SpatialRegistrationStorage
D:     Proposed SCP/SCU Role: Default
D:     Proposed Transfer Syntax(es):
D:       =BigEndianExplicit
D:       =LittleEndianImplicit
D:   Context ID:        213 (Proposed)
D:     Abstract Syntax: =StereometricRelationshipStorage
D:     Proposed SCP/SCU Role: Default
D:     Proposed Transfer Syntax(es):
D:       =LittleEndianExplicit
D:   Context ID:        215 (Proposed)
D:     Abstract Syntax: =StereometricRelationshipStorage
D:     Proposed SCP/SCU Role: Default
D:     Proposed Transfer Syntax(es):
D:       =BigEndianExplicit
D:       =LittleEndianImplicit
D:   Context ID:        217 (Proposed)
D:     Abstract Syntax: =TwelveLeadECGWaveformStorage
D:     Proposed SCP/SCU Role: Default
D:     Proposed Transfer Syntax(es):
D:       =LittleEndianExplicit
D:   Context ID:        219 (Proposed)
D:     Abstract Syntax: =TwelveLeadECGWaveformStorage
D:     Proposed SCP/SCU Role: Default
D:     Proposed Transfer Syntax(es):
D:       =BigEndianExplicit
D:       =LittleEndianImplicit
D:   Context ID:        221 (Proposed)
D:     Abstract Syntax: =UltrasoundImageStorage
D:     Proposed SCP/SCU Role: Default
D:     Proposed Transfer Syntax(es):
D:       =LittleEndianExplicit
D:   Context ID:        223 (Proposed)
D:     Abstract Syntax: =UltrasoundImageStorage
D:     Proposed SCP/SCU Role: Default
D:     Proposed Transfer Syntax(es):
D:       =BigEndianExplicit
D:       =LittleEndianImplicit
D:   Context ID:        225 (Proposed)
D:     Abstract Syntax: =UltrasoundMultiframeImageStorage
D:     Proposed SCP/SCU Role: Default
D:     Proposed Transfer Syntax(es):
D:       =LittleEndianExplicit
D:   Context ID:        227 (Proposed)
D:     Abstract Syntax: =UltrasoundMultiframeImageStorage
D:     Proposed SCP/SCU Role: Default
D:     Proposed Transfer Syntax(es):
D:       =BigEndianExplicit
D:       =LittleEndianImplicit
D:   Context ID:        229 (Proposed)
D:     Abstract Syntax: =VLEndoscopicImageStorage
D:     Proposed SCP/SCU Role: Default
D:     Proposed Transfer Syntax(es):
D:       =LittleEndianExplicit
D:   Context ID:        231 (Proposed)
D:     Abstract Syntax: =VLEndoscopicImageStorage
D:     Proposed SCP/SCU Role: Default
D:     Proposed Transfer Syntax(es):
D:       =BigEndianExplicit
D:       =LittleEndianImplicit
D:   Context ID:        233 (Proposed)
D:     Abstract Syntax: =VLMicroscopicImageStorage
D:     Proposed SCP/SCU Role: Default
D:     Proposed Transfer Syntax(es):
D:       =LittleEndianExplicit
D:   Context ID:        235 (Proposed)
D:     Abstract Syntax: =VLMicroscopicImageStorage
D:     Proposed SCP/SCU Role: Default
D:     Proposed Transfer Syntax(es):
D:       =BigEndianExplicit
D:       =LittleEndianImplicit
D:   Context ID:        237 (Proposed)
D:     Abstract Syntax: =VLPhotographicImageStorage
D:     Proposed SCP/SCU Role: Default
D:     Proposed Transfer Syntax(es):
D:       =LittleEndianExplicit
D:   Context ID:        239 (Proposed)
D:     Abstract Syntax: =VLPhotographicImageStorage
D:     Proposed SCP/SCU Role: Default
D:     Proposed Transfer Syntax(es):
D:       =BigEndianExplicit
D:       =LittleEndianImplicit
D:   Context ID:        241 (Proposed)
D:     Abstract Syntax: =VLSlideCoordinatesMicroscopicImageStorage
D:     Proposed SCP/SCU Role: Default
D:     Proposed Transfer Syntax(es):
D:       =LittleEndianExplicit
D:   Context ID:        243 (Proposed)
D:     Abstract Syntax: =VLSlideCoordinatesMicroscopicImageStorage
D:     Proposed SCP/SCU Role: Default
D:     Proposed Transfer Syntax(es):
D:       =BigEndianExplicit
D:       =LittleEndianImplicit
D:   Context ID:        245 (Proposed)
D:     Abstract Syntax: =XRayAngiographicImageStorage
D:     Proposed SCP/SCU Role: Default
D:     Proposed Transfer Syntax(es):
D:       =LittleEndianExplicit
D:   Context ID:        247 (Proposed)
D:     Abstract Syntax: =XRayAngiographicImageStorage
D:     Proposed SCP/SCU Role: Default
D:     Proposed Transfer Syntax(es):
D:       =BigEndianExplicit
D:       =LittleEndianImplicit
D:   Context ID:        249 (Proposed)
D:     Abstract Syntax: =XRayRadiationDoseSRStorage
D:     Proposed SCP/SCU Role: Default
D:     Proposed Transfer Syntax(es):
D:       =LittleEndianExplicit
D:   Context ID:        251 (Proposed)
D:     Abstract Syntax: =XRayRadiationDoseSRStorage
D:     Proposed SCP/SCU Role: Default
D:     Proposed Transfer Syntax(es):
D:       =BigEndianExplicit
D:       =LittleEndianImplicit
D:   Context ID:        253 (Proposed)
D:     Abstract Syntax: =XRayRadiofluoroscopicImageStorage
D:     Proposed SCP/SCU Role: Default
D:     Proposed Transfer Syntax(es):
D:       =LittleEndianExplicit
D:   Context ID:        255 (Proposed)
D:     Abstract Syntax: =XRayRadiofluoroscopicImageStorage
D:     Proposed SCP/SCU Role: Default
D:     Proposed Transfer Syntax(es):
D:       =BigEndianExplicit
D:       =LittleEndianImplicit
D: Requested Extended Negotiation: none
D: Accepted Extended Negotiation:  none
D: Requested User Identity Negotiation: none
D: User Identity Negotiation Response:  none
D: ======================= END A-ASSOCIATE-RQ ======================
I: Requesting Association
D: setting network send timeout to 60 seconds
D: setting network receive timeout to 60 seconds
D: Constructing Associate RQ PDU
D: PDU Type: Associate Accept, PDU Length: 3853 + 6 bytes PDU header
D: Only dumping 512 bytes.
D:   02  00  00  00  0f  0d  00  01  00  00  41  4e  59  2d  53  43
D:   50  20  20  20  20  20  20  20  20  20  53  54  4f  52  45  53
D:   43  55  20  20  20  20  20  20  20  20  00  00  00  00  00  00
D:   00  00  00  00  00  00  00  00  00  00  00  00  00  00  00  00
D:   00  00  00  00  00  00  00  00  00  00  10  00  00  15  31  2e
D:   32  2e  38  34  30  2e  31  30  30  30  38  2e  33  2e  31  2e
D:   31  2e  31  21  00  00  08  01  00  04  00  40  00  00  00  21
D:   00  00  19  03  00  00  00  40  00  00  11  31  2e  32  2e  38
D:   34  30  2e  31  30  30  30  38  2e  31  2e  32  21  00  00  19
D:   05  00  04  00  40  00  00  11  31  2e  32  2e  38  34  30  2e
D:   31  30  30  30  38  2e  31  2e  32  21  00  00  19  07  00  00
D:   00  40  00  00  11  31  2e  32  2e  38  34  30  2e  31  30  30
D:   30  38  2e  31  2e  32  21  00  00  19  09  00  04  00  40  00
D:   00  11  31  2e  32  2e  38  34  30  2e  31  30  30  30  38  2e
D:   31  2e  32  21  00  00  19  0b  00  00  00  40  00  00  11  31
D:   2e  32  2e  38  34  30  2e  31  30  30  30  38  2e  31  2e  32
D:   21  00  00  19  0d  00  04  00  40  00  00  11  31  2e  32  2e
D:   38  34  30  2e  31  30  30  30  38  2e  31  2e  32  21  00  00
D:   19  0f  00  00  00  40  00  00  11  31  2e  32  2e  38  34  30
D:   2e  31  30  30  30  38  2e  31  2e  32  21  00  00  19  11  00
D:   04  00  40  00  00  11  31  2e  32  2e  38  34  30  2e  31  30
D:   30  30  38  2e  31  2e  32  21  00  00  19  13  00  00  00  40
D:   00  00  11  31  2e  32  2e  38  34  30  2e  31  30  30  30  38
D:   2e  31  2e  32  21  00  00  19  15  00  04  00  40  00  00  11
D:   31  2e  32  2e  38  34  30  2e  31  30  30  30  38  2e  31  2e
D:   32  21  00  00  19  17  00  00  00  40  00  00  11  31  2e  32
D:   2e  38  34  30  2e  31  30  30  30  38  2e  31  2e  32  21  00
D:   00  19  19  00  04  00  40  00  00  11  31  2e  32  2e  38  34
D:   30  2e  31  30  30  30  38  2e  31  2e  32  21  00  00  19  1b
D:   00  00  00  40  00  00  11  31  2e  32  2e  38  34  30  2e  31
D:   30  30  30  38  2e  31  2e  32  21  00  00  19  1d  00  04  00
D:   40  00  00  11  31  2e  32  2e  38  34  30  2e  31  30  30  30
D: 
D: Parsing an A-ASSOCIATE PDU
D: Transport connection: TCP/IP, unencrypted.
D: Association Parameters Negotiated:
D: ====================== BEGIN A-ASSOCIATE-AC =====================
D: Our Implementation Class UID:      1.2.276.0.7230010.3.0.3.6.6
D: Our Implementation Version Name:   OFFIS_DCMTK_366
D: Their Implementation Class UID:    1.2.826.0.1.3680043.2.135.1066.101
D: Their Implementation Version Name: 1.5.0/WIN32
D: Application Context Name:    1.2.840.10008.3.1.1.1
D: Calling Application Name:    STORESCU
D: Called Application Name:     ANY-SCP
D: Responding Application Name: ANY-SCP
D: Our Max PDU Receive Size:    16384
D: Their Max PDU Receive Size:  32768
D: Presentation Contexts:
D:   Context ID:        1 (Transfer Syntaxes Not Supported)
D:     Abstract Syntax: =AmbulatoryECGWaveformStorage
D:     Proposed SCP/SCU Role: Default
D:     Accepted SCP/SCU Role: Default
D:   Context ID:        3 (Accepted)
D:     Abstract Syntax: =AmbulatoryECGWaveformStorage
D:     Proposed SCP/SCU Role: Default
D:     Accepted SCP/SCU Role: Default
D:     Accepted Transfer Syntax: =LittleEndianImplicit
D:   Context ID:        5 (Transfer Syntaxes Not Supported)
D:     Abstract Syntax: =BasicTextSRStorage
D:     Proposed SCP/SCU Role: Default
D:     Accepted SCP/SCU Role: Default
D:   Context ID:        7 (Accepted)
D:     Abstract Syntax: =BasicTextSRStorage
D:     Proposed SCP/SCU Role: Default
D:     Accepted SCP/SCU Role: Default
D:     Accepted Transfer Syntax: =LittleEndianImplicit
D:   Context ID:        9 (Transfer Syntaxes Not Supported)
D:     Abstract Syntax: =BasicVoiceAudioWaveformStorage
D:     Proposed SCP/SCU Role: Default
D:     Accepted SCP/SCU Role: Default
D:   Context ID:        11 (Accepted)
D:     Abstract Syntax: =BasicVoiceAudioWaveformStorage
D:     Proposed SCP/SCU Role: Default
D:     Accepted SCP/SCU Role: Default
D:     Accepted Transfer Syntax: =LittleEndianImplicit
D:   Context ID:        13 (Transfer Syntaxes Not Supported)
D:     Abstract Syntax: =BlendingSoftcopyPresentationStateStorage
D:     Proposed SCP/SCU Role: Default
D:     Accepted SCP/SCU Role: Default
D:   Context ID:        15 (Accepted)
D:     Abstract Syntax: =BlendingSoftcopyPresentationStateStorage
D:     Proposed SCP/SCU Role: Default
D:     Accepted SCP/SCU Role: Default
D:     Accepted Transfer Syntax: =LittleEndianImplicit
D:   Context ID:        17 (Transfer Syntaxes Not Supported)
D:     Abstract Syntax: =CardiacElectrophysiologyWaveformStorage
D:     Proposed SCP/SCU Role: Default
D:     Accepted SCP/SCU Role: Default
D:   Context ID:        19 (Accepted)
D:     Abstract Syntax: =CardiacElectrophysiologyWaveformStorage
D:     Proposed SCP/SCU Role: Default
D:     Accepted SCP/SCU Role: Default
D:     Accepted Transfer Syntax: =LittleEndianImplicit
D:   Context ID:        21 (Transfer Syntaxes Not Supported)
D:     Abstract Syntax: =ChestCADSRStorage
D:     Proposed SCP/SCU Role: Default
D:     Accepted SCP/SCU Role: Default
D:   Context ID:        23 (Accepted)
D:     Abstract Syntax: =ChestCADSRStorage
D:     Proposed SCP/SCU Role: Default
D:     Accepted SCP/SCU Role: Default
D:     Accepted Transfer Syntax: =LittleEndianImplicit
D:   Context ID:        25 (Transfer Syntaxes Not Supported)
D:     Abstract Syntax: =ColonCADSRStorage
D:     Proposed SCP/SCU Role: Default
D:     Accepted SCP/SCU Role: Default
D:   Context ID:        27 (Accepted)
D:     Abstract Syntax: =ColonCADSRStorage
D:     Proposed SCP/SCU Role: Default
D:     Accepted SCP/SCU Role: Default
D:     Accepted Transfer Syntax: =LittleEndianImplicit
D:   Context ID:        29 (Transfer Syntaxes Not Supported)
D:     Abstract Syntax: =ColorSoftcopyPresentationStateStorage
D:     Proposed SCP/SCU Role: Default
D:     Accepted SCP/SCU Role: Default
D:   Context ID:        31 (Accepted)
D:     Abstract Syntax: =ColorSoftcopyPresentationStateStorage
D:     Proposed SCP/SCU Role: Default
D:     Accepted SCP/SCU Role: Default
D:     Accepted Transfer Syntax: =LittleEndianImplicit
D:   Context ID:        33 (Transfer Syntaxes Not Supported)
D:     Abstract Syntax: =ComprehensiveSRStorage
D:     Proposed SCP/SCU Role: Default
D:     Accepted SCP/SCU Role: Default
D:   Context ID:        35 (Accepted)
D:     Abstract Syntax: =ComprehensiveSRStorage
D:     Proposed SCP/SCU Role: Default
D:     Accepted SCP/SCU Role: Default
D:     Accepted Transfer Syntax: =LittleEndianImplicit
D:   Context ID:        37 (Transfer Syntaxes Not Supported)
D:     Abstract Syntax: =ComputedRadiographyImageStorage
D:     Proposed SCP/SCU Role: Default
D:     Accepted SCP/SCU Role: Default
D:   Context ID:        39 (Accepted)
D:     Abstract Syntax: =ComputedRadiographyImageStorage
D:     Proposed SCP/SCU Role: Default
D:     Accepted SCP/SCU Role: Default
D:     Accepted Transfer Syntax: =LittleEndianImplicit
D:   Context ID:        41 (Transfer Syntaxes Not Supported)
D:     Abstract Syntax: =CTImageStorage
D:     Proposed SCP/SCU Role: Default
D:     Accepted SCP/SCU Role: Default
D:   Context ID:        43 (Accepted)
D:     Abstract Syntax: =CTImageStorage
D:     Proposed SCP/SCU Role: Default
D:     Accepted SCP/SCU Role: Default
D:     Accepted Transfer Syntax: =LittleEndianImplicit
D:   Context ID:        45 (Transfer Syntaxes Not Supported)
D:     Abstract Syntax: =DigitalIntraOralXRayImageStorageForPresentation
D:     Proposed SCP/SCU Role: Default
D:     Accepted SCP/SCU Role: Default
D:   Context ID:        47 (Accepted)
D:     Abstract Syntax: =DigitalIntraOralXRayImageStorageForPresentation
D:     Proposed SCP/SCU Role: Default
D:     Accepted SCP/SCU Role: Default
D:     Accepted Transfer Syntax: =LittleEndianImplicit
D:   Context ID:        49 (Transfer Syntaxes Not Supported)
D:     Abstract Syntax: =DigitalIntraOralXRayImageStorageForProcessing
D:     Proposed SCP/SCU Role: Default
D:     Accepted SCP/SCU Role: Default
D:   Context ID:        51 (Accepted)
D:     Abstract Syntax: =DigitalIntraOralXRayImageStorageForProcessing
D:     Proposed SCP/SCU Role: Default
D:     Accepted SCP/SCU Role: Default
D:     Accepted Transfer Syntax: =LittleEndianImplicit
D:   Context ID:        53 (Transfer Syntaxes Not Supported)
D:     Abstract Syntax: =DigitalMammographyXRayImageStorageForPresentation
D:     Proposed SCP/SCU Role: Default
D:     Accepted SCP/SCU Role: Default
D:   Context ID:        55 (Accepted)
D:     Abstract Syntax: =DigitalMammographyXRayImageStorageForPresentation
D:     Proposed SCP/SCU Role: Default
D:     Accepted SCP/SCU Role: Default
D:     Accepted Transfer Syntax: =LittleEndianImplicit
D:   Context ID:        57 (Transfer Syntaxes Not Supported)
D:     Abstract Syntax: =DigitalMammographyXRayImageStorageForProcessing
D:     Proposed SCP/SCU Role: Default
D:     Accepted SCP/SCU Role: Default
D:   Context ID:        59 (Accepted)
D:     Abstract Syntax: =DigitalMammographyXRayImageStorageForProcessing
D:     Proposed SCP/SCU Role: Default
D:     Accepted SCP/SCU Role: Default
D:     Accepted Transfer Syntax: =LittleEndianImplicit
D:   Context ID:        61 (Transfer Syntaxes Not Supported)
D:     Abstract Syntax: =DigitalXRayImageStorageForPresentation
D:     Proposed SCP/SCU Role: Default
D:     Accepted SCP/SCU Role: Default
D:   Context ID:        63 (Accepted)
D:     Abstract Syntax: =DigitalXRayImageStorageForPresentation
D:     Proposed SCP/SCU Role: Default
D:     Accepted SCP/SCU Role: Default
D:     Accepted Transfer Syntax: =LittleEndianImplicit
D:   Context ID:        65 (Transfer Syntaxes Not Supported)
D:     Abstract Syntax: =DigitalXRayImageStorageForProcessing
D:     Proposed SCP/SCU Role: Default
D:     Accepted SCP/SCU Role: Default
D:   Context ID:        67 (Accepted)
D:     Abstract Syntax: =DigitalXRayImageStorageForProcessing
D:     Proposed SCP/SCU Role: Default
D:     Accepted SCP/SCU Role: Default
D:     Accepted Transfer Syntax: =LittleEndianImplicit
D:   Context ID:        69 (Transfer Syntaxes Not Supported)
D:     Abstract Syntax: =EncapsulatedPDFStorage
D:     Proposed SCP/SCU Role: Default
D:     Accepted SCP/SCU Role: Default
D:   Context ID:        71 (Accepted)
D:     Abstract Syntax: =EncapsulatedPDFStorage
D:     Proposed SCP/SCU Role: Default
D:     Accepted SCP/SCU Role: Default
D:     Accepted Transfer Syntax: =LittleEndianImplicit
D:   Context ID:        73 (Transfer Syntaxes Not Supported)
D:     Abstract Syntax: =EnhancedCTImageStorage
D:     Proposed SCP/SCU Role: Default
D:     Accepted SCP/SCU Role: Default
D:   Context ID:        75 (Accepted)
D:     Abstract Syntax: =EnhancedCTImageStorage
D:     Proposed SCP/SCU Role: Default
D:     Accepted SCP/SCU Role: Default
D:     Accepted Transfer Syntax: =LittleEndianImplicit
D:   Context ID:        77 (Transfer Syntaxes Not Supported)
D:     Abstract Syntax: =EnhancedMRImageStorage
D:     Proposed SCP/SCU Role: Default
D:     Accepted SCP/SCU Role: Default
D:   Context ID:        79 (Accepted)
D:     Abstract Syntax: =EnhancedMRImageStorage
D:     Proposed SCP/SCU Role: Default
D:     Accepted SCP/SCU Role: Default
D:     Accepted Transfer Syntax: =LittleEndianImplicit
D:   Context ID:        81 (Transfer Syntaxes Not Supported)
D:     Abstract Syntax: =EnhancedSRStorage
D:     Proposed SCP/SCU Role: Default
D:     Accepted SCP/SCU Role: Default
D:   Context ID:        83 (Accepted)
D:     Abstract Syntax: =EnhancedSRStorage
D:     Proposed SCP/SCU Role: Default
D:     Accepted SCP/SCU Role: Default
D:     Accepted Transfer Syntax: =LittleEndianImplicit
D:   Context ID:        85 (Transfer Syntaxes Not Supported)
D:     Abstract Syntax: =EnhancedXAImageStorage
D:     Proposed SCP/SCU Role: Default
D:     Accepted SCP/SCU Role: Default
D:   Context ID:        87 (Accepted)
D:     Abstract Syntax: =EnhancedXAImageStorage
D:     Proposed SCP/SCU Role: Default
D:     Accepted SCP/SCU Role: Default
D:     Accepted Transfer Syntax: =LittleEndianImplicit
D:   Context ID:        89 (Transfer Syntaxes Not Supported)
D:     Abstract Syntax: =EnhancedXRFImageStorage
D:     Proposed SCP/SCU Role: Default
D:     Accepted SCP/SCU Role: Default
D:   Context ID:        91 (Accepted)
D:     Abstract Syntax: =EnhancedXRFImageStorage
D:     Proposed SCP/SCU Role: Default
D:     Accepted SCP/SCU Role: Default
D:     Accepted Transfer Syntax: =LittleEndianImplicit
D:   Context ID:        93 (Transfer Syntaxes Not Supported)
D:     Abstract Syntax: =GeneralECGWaveformStorage
D:     Proposed SCP/SCU Role: Default
D:     Accepted SCP/SCU Role: Default
D:   Context ID:        95 (Accepted)
D:     Abstract Syntax: =GeneralECGWaveformStorage
D:     Proposed SCP/SCU Role: Default
D:     Accepted SCP/SCU Role: Default
D:     Accepted Transfer Syntax: =LittleEndianImplicit
D:   Context ID:        97 (Transfer Syntaxes Not Supported)
D:     Abstract Syntax: =GrayscaleSoftcopyPresentationStateStorage
D:     Proposed SCP/SCU Role: Default
D:     Accepted SCP/SCU Role: Default
D:   Context ID:        99 (Accepted)
D:     Abstract Syntax: =GrayscaleSoftcopyPresentationStateStorage
D:     Proposed SCP/SCU Role: Default
D:     Accepted SCP/SCU Role: Default
D:     Accepted Transfer Syntax: =LittleEndianImplicit
D:   Context ID:        101 (Transfer Syntaxes Not Supported)
D:     Abstract Syntax: =HemodynamicWaveformStorage
D:     Proposed SCP/SCU Role: Default
D:     Accepted SCP/SCU Role: Default
D:   Context ID:        103 (Accepted)
D:     Abstract Syntax: =HemodynamicWaveformStorage
D:     Proposed SCP/SCU Role: Default
D:     Accepted SCP/SCU Role: Default
D:     Accepted Transfer Syntax: =LittleEndianImplicit
D:   Context ID:        105 (Transfer Syntaxes Not Supported)
D:     Abstract Syntax: =KeyObjectSelectionDocumentStorage
D:     Proposed SCP/SCU Role: Default
D:     Accepted SCP/SCU Role: Default
D:   Context ID:        107 (Accepted)
D:     Abstract Syntax: =KeyObjectSelectionDocumentStorage
D:     Proposed SCP/SCU Role: Default
D:     Accepted SCP/SCU Role: Default
D:     Accepted Transfer Syntax: =LittleEndianImplicit
D:   Context ID:        109 (Transfer Syntaxes Not Supported)
D:     Abstract Syntax: =MammographyCADSRStorage
D:     Proposed SCP/SCU Role: Default
D:     Accepted SCP/SCU Role: Default
D:   Context ID:        111 (Accepted)
D:     Abstract Syntax: =MammographyCADSRStorage
D:     Proposed SCP/SCU Role: Default
D:     Accepted SCP/SCU Role: Default
D:     Accepted Transfer Syntax: =LittleEndianImplicit
D:   Context ID:        113 (Transfer Syntaxes Not Supported)
D:     Abstract Syntax: =MRImageStorage
D:     Proposed SCP/SCU Role: Default
D:     Accepted SCP/SCU Role: Default
D:   Context ID:        115 (Accepted)
D:     Abstract Syntax: =MRImageStorage
D:     Proposed SCP/SCU Role: Default
D:     Accepted SCP/SCU Role: Default
D:     Accepted Transfer Syntax: =LittleEndianImplicit
D:   Context ID:        117 (Transfer Syntaxes Not Supported)
D:     Abstract Syntax: =MRSpectroscopyStorage
D:     Proposed SCP/SCU Role: Default
D:     Accepted SCP/SCU Role: Default
D:   Context ID:        119 (Accepted)
D:     Abstract Syntax: =MRSpectroscopyStorage
D:     Proposed SCP/SCU Role: Default
D:     Accepted SCP/SCU Role: Default
D:     Accepted Transfer Syntax: =LittleEndianImplicit
D:   Context ID:        121 (Transfer Syntaxes Not Supported)
D:     Abstract Syntax: =MultiframeGrayscaleByteSecondaryCaptureImageStorage
D:     Proposed SCP/SCU Role: Default
D:     Accepted SCP/SCU Role: Default
D:   Context ID:        123 (Accepted)
D:     Abstract Syntax: =MultiframeGrayscaleByteSecondaryCaptureImageStorage
D:     Proposed SCP/SCU Role: Default
D:     Accepted SCP/SCU Role: Default
D:     Accepted Transfer Syntax: =LittleEndianImplicit
D:   Context ID:        125 (Transfer Syntaxes Not Supported)
D:     Abstract Syntax: =MultiframeGrayscaleWordSecondaryCaptureImageStorage
D:     Proposed SCP/SCU Role: Default
D:     Accepted SCP/SCU Role: Default
D:   Context ID:        127 (Accepted)
D:     Abstract Syntax: =MultiframeGrayscaleWordSecondaryCaptureImageStorage
D:     Proposed SCP/SCU Role: Default
D:     Accepted SCP/SCU Role: Default
D:     Accepted Transfer Syntax: =LittleEndianImplicit
D:   Context ID:        129 (Transfer Syntaxes Not Supported)
D:     Abstract Syntax: =MultiframeSingleBitSecondaryCaptureImageStorage
D:     Proposed SCP/SCU Role: Default
D:     Accepted SCP/SCU Role: Default
D:   Context ID:        131 (Accepted)
D:     Abstract Syntax: =MultiframeSingleBitSecondaryCaptureImageStorage
D:     Proposed SCP/SCU Role: Default
D:     Accepted SCP/SCU Role: Default
D:     Accepted Transfer Syntax: =LittleEndianImplicit
D:   Context ID:        133 (Transfer Syntaxes Not Supported)
D:     Abstract Syntax: =MultiframeTrueColorSecondaryCaptureImageStorage
D:     Proposed SCP/SCU Role: Default
D:     Accepted SCP/SCU Role: Default
D:   Context ID:        135 (Accepted)
D:     Abstract Syntax: =MultiframeTrueColorSecondaryCaptureImageStorage
D:     Proposed SCP/SCU Role: Default
D:     Accepted SCP/SCU Role: Default
D:     Accepted Transfer Syntax: =LittleEndianImplicit
D:   Context ID:        137 (Transfer Syntaxes Not Supported)
D:     Abstract Syntax: =NuclearMedicineImageStorage
D:     Proposed SCP/SCU Role: Default
D:     Accepted SCP/SCU Role: Default
D:   Context ID:        139 (Accepted)
D:     Abstract Syntax: =NuclearMedicineImageStorage
D:     Proposed SCP/SCU Role: Default
D:     Accepted SCP/SCU Role: Default
D:     Accepted Transfer Syntax: =LittleEndianImplicit
D:   Context ID:        141 (Transfer Syntaxes Not Supported)
D:     Abstract Syntax: =OphthalmicPhotography16BitImageStorage
D:     Proposed SCP/SCU Role: Default
D:     Accepted SCP/SCU Role: Default
D:   Context ID:        143 (Accepted)
D:     Abstract Syntax: =OphthalmicPhotography16BitImageStorage
D:     Proposed SCP/SCU Role: Default
D:     Accepted SCP/SCU Role: Default
D:     Accepted Transfer Syntax: =LittleEndianImplicit
D:   Context ID:        145 (Transfer Syntaxes Not Supported)
D:     Abstract Syntax: =OphthalmicPhotography8BitImageStorage
D:     Proposed SCP/SCU Role: Default
D:     Accepted SCP/SCU Role: Default
D:   Context ID:        147 (Accepted)
D:     Abstract Syntax: =OphthalmicPhotography8BitImageStorage
D:     Proposed SCP/SCU Role: Default
D:     Accepted SCP/SCU Role: Default
D:     Accepted Transfer Syntax: =LittleEndianImplicit
D:   Context ID:        149 (Transfer Syntaxes Not Supported)
D:     Abstract Syntax: =OphthalmicTomographyImageStorage
D:     Proposed SCP/SCU Role: Default
D:     Accepted SCP/SCU Role: Default
D:   Context ID:        151 (Accepted)
D:     Abstract Syntax: =OphthalmicTomographyImageStorage
D:     Proposed SCP/SCU Role: Default
D:     Accepted SCP/SCU Role: Default
D:     Accepted Transfer Syntax: =LittleEndianImplicit
D:   Context ID:        153 (Transfer Syntaxes Not Supported)
D:     Abstract Syntax: =PositronEmissionTomographyImageStorage
D:     Proposed SCP/SCU Role: Default
D:     Accepted SCP/SCU Role: Default
D:   Context ID:        155 (Accepted)
D:     Abstract Syntax: =PositronEmissionTomographyImageStorage
D:     Proposed SCP/SCU Role: Default
D:     Accepted SCP/SCU Role: Default
D:     Accepted Transfer Syntax: =LittleEndianImplicit
D:   Context ID:        157 (Transfer Syntaxes Not Supported)
D:     Abstract Syntax: =ProcedureLogStorage
D:     Proposed SCP/SCU Role: Default
D:     Accepted SCP/SCU Role: Default
D:   Context ID:        159 (Accepted)
D:     Abstract Syntax: =ProcedureLogStorage
D:     Proposed SCP/SCU Role: Default
D:     Accepted SCP/SCU Role: Default
D:     Accepted Transfer Syntax: =LittleEndianImplicit
D:   Context ID:        161 (Transfer Syntaxes Not Supported)
D:     Abstract Syntax: =PseudoColorSoftcopyPresentationStateStorage
D:     Proposed SCP/SCU Role: Default
D:     Accepted SCP/SCU Role: Default
D:   Context ID:        163 (Accepted)
D:     Abstract Syntax: =PseudoColorSoftcopyPresentationStateStorage
D:     Proposed SCP/SCU Role: Default
D:     Accepted SCP/SCU Role: Default
D:     Accepted Transfer Syntax: =LittleEndianImplicit
D:   Context ID:        165 (Transfer Syntaxes Not Supported)
D:     Abstract Syntax: =RawDataStorage
D:     Proposed SCP/SCU Role: Default
D:     Accepted SCP/SCU Role: Default
D:   Context ID:        167 (Accepted)
D:     Abstract Syntax: =RawDataStorage
D:     Proposed SCP/SCU Role: Default
D:     Accepted SCP/SCU Role: Default
D:     Accepted Transfer Syntax: =LittleEndianImplicit
D:   Context ID:        169 (Transfer Syntaxes Not Supported)
D:     Abstract Syntax: =RealWorldValueMappingStorage
D:     Proposed SCP/SCU Role: Default
D:     Accepted SCP/SCU Role: Default
D:   Context ID:        171 (Accepted)
D:     Abstract Syntax: =RealWorldValueMappingStorage
D:     Proposed SCP/SCU Role: Default
D:     Accepted SCP/SCU Role: Default
D:     Accepted Transfer Syntax: =LittleEndianImplicit
D:   Context ID:        173 (Transfer Syntaxes Not Supported)
D:     Abstract Syntax: =RTBeamsTreatmentRecordStorage
D:     Proposed SCP/SCU Role: Default
D:     Accepted SCP/SCU Role: Default
D:   Context ID:        175 (Accepted)
D:     Abstract Syntax: =RTBeamsTreatmentRecordStorage
D:     Proposed SCP/SCU Role: Default
D:     Accepted SCP/SCU Role: Default
D:     Accepted Transfer Syntax: =LittleEndianImplicit
D:   Context ID:        177 (Transfer Syntaxes Not Supported)
D:     Abstract Syntax: =RTBrachyTreatmentRecordStorage
D:     Proposed SCP/SCU Role: Default
D:     Accepted SCP/SCU Role: Default
D:   Context ID:        179 (Accepted)
D:     Abstract Syntax: =RTBrachyTreatmentRecordStorage
D:     Proposed SCP/SCU Role: Default
D:     Accepted SCP/SCU Role: Default
D:     Accepted Transfer Syntax: =LittleEndianImplicit
D:   Context ID:        181 (Transfer Syntaxes Not Supported)
D:     Abstract Syntax: =RTDoseStorage
D:     Proposed SCP/SCU Role: Default
D:     Accepted SCP/SCU Role: Default
D:   Context ID:        183 (Accepted)
D:     Abstract Syntax: =RTDoseStorage
D:     Proposed SCP/SCU Role: Default
D:     Accepted SCP/SCU Role: Default
D:     Accepted Transfer Syntax: =LittleEndianImplicit
D:   Context ID:        185 (Transfer Syntaxes Not Supported)
D:     Abstract Syntax: =RTImageStorage
D:     Proposed SCP/SCU Role: Default
D:     Accepted SCP/SCU Role: Default
D:   Context ID:        187 (Accepted)
D:     Abstract Syntax: =RTImageStorage
D:     Proposed SCP/SCU Role: Default
D:     Accepted SCP/SCU Role: Default
D:     Accepted Transfer Syntax: =LittleEndianImplicit
D:   Context ID:        189 (Transfer Syntaxes Not Supported)
D:     Abstract Syntax: =RTPlanStorage
D:     Proposed SCP/SCU Role: Default
D:     Accepted SCP/SCU Role: Default
D:   Context ID:        191 (Accepted)
D:     Abstract Syntax: =RTPlanStorage
D:     Proposed SCP/SCU Role: Default
D:     Accepted SCP/SCU Role: Default
D:     Accepted Transfer Syntax: =LittleEndianImplicit
D:   Context ID:        193 (Transfer Syntaxes Not Supported)
D:     Abstract Syntax: =RTStructureSetStorage
D:     Proposed SCP/SCU Role: Default
D:     Accepted SCP/SCU Role: Default
D:   Context ID:        195 (Accepted)
D:     Abstract Syntax: =RTStructureSetStorage
D:     Proposed SCP/SCU Role: Default
D:     Accepted SCP/SCU Role: Default
D:     Accepted Transfer Syntax: =LittleEndianImplicit
D:   Context ID:        197 (Transfer Syntaxes Not Supported)
D:     Abstract Syntax: =RTTreatmentSummaryRecordStorage
D:     Proposed SCP/SCU Role: Default
D:     Accepted SCP/SCU Role: Default
D:   Context ID:        199 (Accepted)
D:     Abstract Syntax: =RTTreatmentSummaryRecordStorage
D:     Proposed SCP/SCU Role: Default
D:     Accepted SCP/SCU Role: Default
D:     Accepted Transfer Syntax: =LittleEndianImplicit
D:   Context ID:        201 (Transfer Syntaxes Not Supported)
D:     Abstract Syntax: =SecondaryCaptureImageStorage
D:     Proposed SCP/SCU Role: Default
D:     Accepted SCP/SCU Role: Default
D:   Context ID:        203 (Accepted)
D:     Abstract Syntax: =SecondaryCaptureImageStorage
D:     Proposed SCP/SCU Role: Default
D:     Accepted SCP/SCU Role: Default
D:     Accepted Transfer Syntax: =LittleEndianImplicit
D:   Context ID:        205 (Transfer Syntaxes Not Supported)
D:     Abstract Syntax: =SpatialFiducialsStorage
D:     Proposed SCP/SCU Role: Default
D:     Accepted SCP/SCU Role: Default
D:   Context ID:        207 (Accepted)
D:     Abstract Syntax: =SpatialFiducialsStorage
D:     Proposed SCP/SCU Role: Default
D:     Accepted SCP/SCU Role: Default
D:     Accepted Transfer Syntax: =LittleEndianImplicit
D:   Context ID:        209 (Transfer Syntaxes Not Supported)
D:     Abstract Syntax: =SpatialRegistrationStorage
D:     Proposed SCP/SCU Role: Default
D:     Accepted SCP/SCU Role: Default
D:   Context ID:        211 (Accepted)
D:     Abstract Syntax: =SpatialRegistrationStorage
D:     Proposed SCP/SCU Role: Default
D:     Accepted SCP/SCU Role: Default
D:     Accepted Transfer Syntax: =LittleEndianImplicit
D:   Context ID:        213 (Transfer Syntaxes Not Supported)
D:     Abstract Syntax: =StereometricRelationshipStorage
D:     Proposed SCP/SCU Role: Default
D:     Accepted SCP/SCU Role: Default
D:   Context ID:        215 (Accepted)
D:     Abstract Syntax: =StereometricRelationshipStorage
D:     Proposed SCP/SCU Role: Default
D:     Accepted SCP/SCU Role: Default
D:     Accepted Transfer Syntax: =LittleEndianImplicit
D:   Context ID:        217 (Transfer Syntaxes Not Supported)
D:     Abstract Syntax: =TwelveLeadECGWaveformStorage
D:     Proposed SCP/SCU Role: Default
D:     Accepted SCP/SCU Role: Default
D:   Context ID:        219 (Accepted)
D:     Abstract Syntax: =TwelveLeadECGWaveformStorage
D:     Proposed SCP/SCU Role: Default
D:     Accepted SCP/SCU Role: Default
D:     Accepted Transfer Syntax: =LittleEndianImplicit
D:   Context ID:        221 (Transfer Syntaxes Not Supported)
D:     Abstract Syntax: =UltrasoundImageStorage
D:     Proposed SCP/SCU Role: Default
D:     Accepted SCP/SCU Role: Default
D:   Context ID:        223 (Accepted)
D:     Abstract Syntax: =UltrasoundImageStorage
D:     Proposed SCP/SCU Role: Default
D:     Accepted SCP/SCU Role: Default
D:     Accepted Transfer Syntax: =LittleEndianImplicit
D:   Context ID:        225 (Transfer Syntaxes Not Supported)
D:     Abstract Syntax: =UltrasoundMultiframeImageStorage
D:     Proposed SCP/SCU Role: Default
D:     Accepted SCP/SCU Role: Default
D:   Context ID:        227 (Accepted)
D:     Abstract Syntax: =UltrasoundMultiframeImageStorage
D:     Proposed SCP/SCU Role: Default
D:     Accepted SCP/SCU Role: Default
D:     Accepted Transfer Syntax: =LittleEndianImplicit
D:   Context ID:        229 (Transfer Syntaxes Not Supported)
D:     Abstract Syntax: =VLEndoscopicImageStorage
D:     Proposed SCP/SCU Role: Default
D:     Accepted SCP/SCU Role: Default
D:   Context ID:        231 (Accepted)
D:     Abstract Syntax: =VLEndoscopicImageStorage
D:     Proposed SCP/SCU Role: Default
D:     Accepted SCP/SCU Role: Default
D:     Accepted Transfer Syntax: =LittleEndianImplicit
D:   Context ID:        233 (Transfer Syntaxes Not Supported)
D:     Abstract Syntax: =VLMicroscopicImageStorage
D:     Proposed SCP/SCU Role: Default
D:     Accepted SCP/SCU Role: Default
D:   Context ID:        235 (Accepted)
D:     Abstract Syntax: =VLMicroscopicImageStorage
D:     Proposed SCP/SCU Role: Default
D:     Accepted SCP/SCU Role: Default
D:     Accepted Transfer Syntax: =LittleEndianImplicit
D:   Context ID:        237 (Transfer Syntaxes Not Supported)
D:     Abstract Syntax: =VLPhotographicImageStorage
D:     Proposed SCP/SCU Role: Default
D:     Accepted SCP/SCU Role: Default
D:   Context ID:        239 (Accepted)
D:     Abstract Syntax: =VLPhotographicImageStorage
D:     Proposed SCP/SCU Role: Default
D:     Accepted SCP/SCU Role: Default
D:     Accepted Transfer Syntax: =LittleEndianImplicit
D:   Context ID:        241 (Transfer Syntaxes Not Supported)
D:     Abstract Syntax: =VLSlideCoordinatesMicroscopicImageStorage
D:     Proposed SCP/SCU Role: Default
D:     Accepted SCP/SCU Role: Default
D:   Context ID:        243 (Accepted)
D:     Abstract Syntax: =VLSlideCoordinatesMicroscopicImageStorage
D:     Proposed SCP/SCU Role: Default
D:     Accepted SCP/SCU Role: Default
D:     Accepted Transfer Syntax: =LittleEndianImplicit
D:   Context ID:        245 (Transfer Syntaxes Not Supported)
D:     Abstract Syntax: =XRayAngiographicImageStorage
D:     Proposed SCP/SCU Role: Default
D:     Accepted SCP/SCU Role: Default
D:   Context ID:        247 (Accepted)
D:     Abstract Syntax: =XRayAngiographicImageStorage
D:     Proposed SCP/SCU Role: Default
D:     Accepted SCP/SCU Role: Default
D:     Accepted Transfer Syntax: =LittleEndianImplicit
D:   Context ID:        249 (Transfer Syntaxes Not Supported)
D:     Abstract Syntax: =XRayRadiationDoseSRStorage
D:     Proposed SCP/SCU Role: Default
D:     Accepted SCP/SCU Role: Default
D:   Context ID:        251 (Accepted)
D:     Abstract Syntax: =XRayRadiationDoseSRStorage
D:     Proposed SCP/SCU Role: Default
D:     Accepted SCP/SCU Role: Default
D:     Accepted Transfer Syntax: =LittleEndianImplicit
D:   Context ID:        253 (Transfer Syntaxes Not Supported)
D:     Abstract Syntax: =XRayRadiofluoroscopicImageStorage
D:     Proposed SCP/SCU Role: Default
D:     Accepted SCP/SCU Role: Default
D:   Context ID:        255 (Accepted)
D:     Abstract Syntax: =XRayRadiofluoroscopicImageStorage
D:     Proposed SCP/SCU Role: Default
D:     Accepted SCP/SCU Role: Default
D:     Accepted Transfer Syntax: =LittleEndianImplicit
D: Requested Extended Negotiation: none
D: Accepted Extended Negotiation:  none
D: Requested User Identity Negotiation: none
D: User Identity Negotiation Response:  none
D: ======================= END A-ASSOCIATE-AC ======================
I: Association Accepted (Max Send PDV: 32756)
I: Sending file: /Users/zzy/Downloads/Case1 [Case1]/20080408 023126 [ - BREAST IMAGING TOMOSYNTHESIS]/Series 72100000 [MG - L CC Tomosynthesis Projection]/1.3.6.1.4.1.5962.99.1.2280943358.716200484.1363785608958.60.0.dcm
D: DcmMetaInfo::checkAndReadPreamble() TransferSyntax="Little Endian Explicit"
D: DcmDataset::read() TransferSyntax="Little Endian Explicit"
I: Converting transfer syntax: Little Endian Explicit -> Little Endian Implicit
I: Sending Store Request (MsgID 1, SC)
D: ===================== OUTGOING DIMSE MESSAGE ====================
D: Message Type                  : C-STORE RQ
D: Message ID                    : 1
D: Affected SOP Class UID        : SecondaryCaptureImageStorage
D: Affected SOP Instance UID     : 1.3.6.1.4.1.5962.99.1.2280943358.716200484.1363785608958.60.0
D: Data Set                      : present
D: Priority                      : medium
D: ======================= END DIMSE MESSAGE =======================
D: DcmDataset::read() TransferSyntax="Little Endian Implicit"
I: Received Store Response
D: ===================== INCOMING DIMSE MESSAGE ====================
D: Message Type                  : C-STORE RSP
D: Presentation Context ID       : 203
D: Message ID Being Responded To : 1
D: Affected SOP Class UID        : SecondaryCaptureImageStorage
D: Affected SOP Instance UID     : 1.3.6.1.4.1.5962.99.1.2280943358.716200484.1363785608958.60.0
D: Data Set                      : none
D: DIMSE Status                  : 0x0000: Success
D: ======================= END DIMSE MESSAGE =======================
I: Releasing Association
